c:\users\maxen\documents\projets ecole\orvia\orvia.services\orvia.services\threaddll\x64\debug\threaddll.pch
c:\users\maxen\documents\projets ecole\orvia\orvia.services\orvia.services\threaddll\x64\debug\vc143.pdb
c:\users\maxen\documents\projets ecole\orvia\orvia.services\orvia.services\threaddll\x64\debug\vc143.idb
c:\users\maxen\documents\projets ecole\orvia\orvia.services\orvia.services\threaddll\x64\debug\pch.obj
c:\users\maxen\documents\projets ecole\orvia\orvia.services\orvia.services\threaddll\x64\debug\threadnid.obj
c:\users\maxen\documents\projets ecole\orvia\orvia.services\orvia.services\threaddll\x64\debug\serialib.obj
c:\users\maxen\documents\projets ecole\orvia\orvia.services\orvia.services\threaddll\x64\debug\periph_rfid.obj
c:\users\maxen\documents\projets ecole\orvia\orvia.services\orvia.services\threaddll\x64\debug\periph_balance.obj
c:\users\maxen\documents\projets ecole\orvia\orvia.services\orvia.services\threaddll\x64\debug\periph.obj
c:\users\maxen\documents\projets ecole\orvia\orvia.services\orvia.services\threaddll\x64\debug\nid.obj
c:\users\maxen\documents\projets ecole\orvia\orvia.services\orvia.services\threaddll\x64\debug\functions.obj
c:\users\maxen\documents\projets ecole\orvia\orvia.services\orvia.services\threaddll\x64\debug\dllmain.obj
c:\users\maxen\documents\projets ecole\orvia\orvia.services\orvia.services\threaddll\x64\debug\threaddll.ilk
c:\users\maxen\documents\projets ecole\orvia\orvia.services\orvia.services\threaddll\x64\debug\threaddll.dll
c:\users\maxen\documents\projets ecole\orvia\orvia.services\orvia.services\threaddll\x64\debug\threaddll.pdb
c:\users\maxen\documents\projets ecole\orvia\orvia.services\orvia.services\threaddll\x64\debug\threaddll.lib
c:\users\maxen\documents\projets ecole\orvia\orvia.services\orvia.services\threaddll\x64\debug\threaddll.exp
c:\users\maxen\documents\projets ecole\orvia\orvia.services\orvia.services\threaddll\x64\debug\threaddll.tlog\cl.command.1.tlog
c:\users\maxen\documents\projets ecole\orvia\orvia.services\orvia.services\threaddll\x64\debug\threaddll.tlog\cl.read.1.tlog
c:\users\maxen\documents\projets ecole\orvia\orvia.services\orvia.services\threaddll\x64\debug\threaddll.tlog\cl.write.1.tlog
c:\users\maxen\documents\projets ecole\orvia\orvia.services\orvia.services\threaddll\x64\debug\threaddll.tlog\link.command.1.tlog
c:\users\maxen\documents\projets ecole\orvia\orvia.services\orvia.services\threaddll\x64\debug\threaddll.tlog\link.read.1.tlog
c:\users\maxen\documents\projets ecole\orvia\orvia.services\orvia.services\threaddll\x64\debug\threaddll.tlog\link.write.1.tlog
c:\users\maxen\documents\projets ecole\orvia\orvia.services\orvia.services\threaddll\x64\debug\threaddll.tlog\threaddll.write.1u.tlog
